<?xml version="1.0" encoding="UTF-8"?>
<!-- Generated by org.testng.reporters.JUnitXMLReporter -->
<testsuite ignored="0" hostname="Kshitijs-MacBook-Pro.local" failures="1" tests="2" name="Surefire test" time="21.827" errors="0" timestamp="2026-03-14T10:03:21 IST">
  <testcase classname="com.salesforce.tests.LoginTest" name="verifyInvalidLogin" time="1.546"/>
  <testcase classname="com.salesforce.tests.LoginTest" name="verifyValidLogin" time="0.767">
    <failure type="java.lang.AssertionError" message="did not expect [https://login.salesforce.com/?locale=in] but found [https://login.salesforce.com/?locale=in]">
      <![CDATA[java.lang.AssertionError: did not expect [https://login.salesforce.com/?locale=in] but found [https://login.salesforce.com/?locale=in]
at com.salesforce.tests.LoginTest.verifyValidLogin(LoginTest.java:15)
at java.base/java.util.ArrayList.forEach(ArrayList.java:1604)
... Removed 35 stack frames]]>
    </failure>
  </testcase> <!-- verifyValidLogin -->
</testsuite> <!-- Surefire test -->
